  coord.cpp
  GameNo1.cpp
D:\CODE\C++\First_Game_GIT\MAIN\global.h(209,16): warning C4309: 'initializing': truncation of constant value
D:\CODE\C++\First_Game_GIT\MAIN\global.h(210,30): warning C4309: 'initializing': truncation of constant value
D:\CODE\C++\First_Game_GIT\MAIN\global.h(210,34): warning C4309: 'initializing': truncation of constant value
D:\CODE\C++\First_Game_GIT\MAIN\global.h(210,38): warning C4309: 'initializing': truncation of constant value
D:\CODE\C++\First_Game_GIT\MAIN\global.h(210,42): warning C4309: 'initializing': truncation of constant value
D:\CODE\C++\First_Game_GIT\MAIN\global.h(210,46): warning C4309: 'initializing': truncation of constant value
D:\CODE\C++\First_Game_GIT\MAIN\global.h(222,24): warning C4309: 'initializing': truncation of constant value
D:\CODE\C++\First_Game_GIT\MAIN\global.h(273,32): warning C4309: 'initializing': truncation of constant value
D:\CODE\C++\First_Game_GIT\MAIN\global.h(273,36): warning C4309: 'initializing': truncation of constant value
D:\CODE\C++\First_Game_GIT\MAIN\global.h(273,40): warning C4309: 'initializing': truncation of constant value
D:\CODE\C++\First_Game_GIT\MAIN\global.h(273,44): warning C4309: 'initializing': truncation of constant value
D:\CODE\C++\First_Game_GIT\MAIN\global.h(275,30): warning C4309: 'initializing': truncation of constant value
D:\CODE\C++\First_Game_GIT\MAIN\global.h(275,34): warning C4309: 'initializing': truncation of constant value
D:\CODE\C++\First_Game_GIT\MAIN\global.h(275,38): warning C4309: 'initializing': truncation of constant value
D:\CODE\C++\First_Game_GIT\MAIN\global.h(275,42): warning C4309: 'initializing': truncation of constant value
D:\CODE\C++\First_Game_GIT\MAIN\GameNo1.cpp(309,9): warning C4244: 'argument': conversion from 'unsigned __int64' to 'unsigned int', possible loss of data
D:\CODE\C++\First_Game_GIT\MAIN\GameNo1.cpp(1597,14): warning C4129: ' ': unrecognized character escape sequence
D:\CODE\C++\First_Game_GIT\MAIN\GameNo1.cpp(1599,14): warning C4129: ' ': unrecognized character escape sequence
D:\CODE\C++\First_Game_GIT\MAIN\GameNo1.cpp(1630,51): warning C4267: 'argument': conversion from 'size_t' to 'int', possible loss of data
D:\CODE\C++\First_Game_GIT\MAIN\GameNo1.cpp(2153,6): warning C4101: 'Destruction': unreferenced local variable
D:\CODE\C++\First_Game_GIT\MAIN\GameNo1.cpp(2485,19): warning C4018: '>=': signed/unsigned mismatch
D:\CODE\C++\First_Game_GIT\MAIN\GameNo1.cpp(2498,19): warning C4018: '>=': signed/unsigned mismatch
D:\CODE\C++\First_Game_GIT\MAIN\GameNo1.cpp(2585,13): warning C4309: 'initializing': truncation of constant value
D:\CODE\C++\First_Game_GIT\MAIN\GameNo1.cpp(2584,15): warning C4101: 'Direction': unreferenced local variable
D:\CODE\C++\First_Game_GIT\MAIN\GameNo1.cpp(2749,66): warning C4018: '>=': signed/unsigned mismatch
D:\CODE\C++\First_Game_GIT\MAIN\GameNo1.cpp(2750,63): warning C4018: '<': signed/unsigned mismatch
D:\CODE\C++\First_Game_GIT\MAIN\GameNo1.cpp(3375,17): warning C4018: '<=': signed/unsigned mismatch
D:\CODE\C++\First_Game_GIT\MAIN\GameNo1.cpp(3513,36): warning C4267: 'argument': conversion from 'size_t' to 'int', possible loss of data
D:\CODE\C++\First_Game_GIT\MAIN\GameNo1.cpp(3539,66): warning C4267: 'argument': conversion from 'size_t' to 'int', possible loss of data
D:\CODE\C++\First_Game_GIT\MAIN\GameNo1.cpp(3570,7): warning C4101: 'Sym': unreferenced local variable
D:\CODE\C++\First_Game_GIT\MAIN\GameNo1.cpp(3640,48): warning C4267: 'argument': conversion from 'size_t' to 'int', possible loss of data
D:\CODE\C++\First_Game_GIT\MAIN\GameNo1.cpp(3648,39): warning C4309: 'argument': truncation of constant value
D:\CODE\C++\First_Game_GIT\MAIN\GameNo1.cpp(3635,7): warning C4101: 'Sym': unreferenced local variable
D:\CODE\C++\First_Game_GIT\MAIN\GameNo1.cpp(3719,40): warning C4129: ']': unrecognized character escape sequence
D:\CODE\C++\First_Game_GIT\MAIN\GameNo1.cpp(3762,25): warning C4267: 'initializing': conversion from 'size_t' to 'int', possible loss of data
D:\CODE\C++\First_Game_GIT\MAIN\GameNo1.cpp(3977,13): warning C4309: 'initializing': truncation of constant value
  Generating Code...
D:\CODE\C++\First_Game_GIT\MAIN\GameNo1.cpp(4018,8): warning C4309: '=': truncation of constant value
  Project1.vcxproj -> D:\CODE\C++\First_Game_GIT\_UntitledGame\Project1\x64\Debug\_UntitledGame.exe
